{"F:\\Projects\\JScript\\React\\React_Academy\\887489-what-to-watch-6\\src\\browser-history.ts": {"path":"F:\\Projects\\JScript\\React\\React_Academy\\887489-what-to-watch-6\\src\\browser-history.ts","statementMap":{"0":{"start":{"line":1,"column":0},"end":{"line":1,"column":45}},"1":{"start":{"line":3,"column":23},"end":{"line":3,"column":45}},"2":{"start":{"line":5,"column":0},"end":{"line":5,"column":30}}},"fnMap":{},"branchMap":{},"s":{"0":1,"1":1,"2":1},"f":{},"b":{}}
,"F:\\Projects\\JScript\\React\\React_Academy\\887489-what-to-watch-6\\src\\constants.ts": {"path":"F:\\Projects\\JScript\\React\\React_Academy\\887489-what-to-watch-6\\src\\constants.ts","statementMap":{"0":{"start":{"line":2,"column":13},"end":{"line":10,"column":11}},"1":{"start":{"line":12,"column":13},"end":{"line":20,"column":11}},"2":{"start":{"line":22,"column":13},"end":{"line":22,"column":35}},"3":{"start":{"line":23,"column":13},"end":{"line":23,"column":48}},"4":{"start":{"line":24,"column":13},"end":{"line":24,"column":38}},"5":{"start":{"line":25,"column":13},"end":{"line":25,"column":33}},"6":{"start":{"line":29,"column":13},"end":{"line":34,"column":11}},"7":{"start":{"line":38,"column":13},"end":{"line":41,"column":11}},"8":{"start":{"line":45,"column":13},"end":{"line":49,"column":11}},"9":{"start":{"line":51,"column":13},"end":{"line":57,"column":11}}},"fnMap":{},"branchMap":{},"s":{"0":1,"1":1,"2":1,"3":1,"4":1,"5":1,"6":1,"7":1,"8":1,"9":1},"f":{},"b":{}}
,"F:\\Projects\\JScript\\React\\React_Academy\\887489-what-to-watch-6\\src\\utils.ts": {"path":"F:\\Projects\\JScript\\React\\React_Academy\\887489-what-to-watch-6\\src\\utils.ts","statementMap":{"0":{"start":{"line":8,"column":33},"end":{"line":39,"column":1}},"1":{"start":{"line":10,"column":22},"end":{"line":12,"column":3}},"2":{"start":{"line":11,"column":4},"end":{"line":11,"column":63}},"3":{"start":{"line":14,"column":24},"end":{"line":23,"column":3}},"4":{"start":{"line":15,"column":4},"end":{"line":17,"column":null}},"5":{"start":{"line":16,"column":6},"end":{"line":16,"column":20}},"6":{"start":{"line":18,"column":18},"end":{"line":18,"column":35}},"7":{"start":{"line":19,"column":4},"end":{"line":22,"column":15}},"8":{"start":{"line":19,"column":34},"end":{"line":21,"column":null}},"9":{"start":{"line":25,"column":2},"end":{"line":37,"column":null}},"10":{"start":{"line":26,"column":4},"end":{"line":26,"column":39}},"11":{"start":{"line":26,"column":30},"end":{"line":26,"column":38}},"12":{"start":{"line":27,"column":9},"end":{"line":37,"column":null}},"13":{"start":{"line":28,"column":24},"end":{"line":28,"column":26}},"14":{"start":{"line":29,"column":4},"end":{"line":35,"column":7}},"15":{"start":{"line":30,"column":6},"end":{"line":34,"column":null}},"16":{"start":{"line":31,"column":8},"end":{"line":31,"column":50}},"17":{"start":{"line":33,"column":8},"end":{"line":33,"column":47}},"18":{"start":{"line":36,"column":4},"end":{"line":36,"column":18}},"19":{"start":{"line":38,"column":2},"end":{"line":38,"column":14}},"20":{"start":{"line":8,"column":13},"end":{"line":8,"column":33}},"21":{"start":{"line":41,"column":26},"end":{"line":43,"column":1}},"22":{"start":{"line":42,"column":2},"end":{"line":42,"column":44}},"23":{"start":{"line":41,"column":13},"end":{"line":41,"column":26}},"24":{"start":{"line":45,"column":29},"end":{"line":62,"column":1}},"25":{"start":{"line":46,"column":2},"end":{"line":48,"column":null}},"26":{"start":{"line":47,"column":4},"end":{"line":47,"column":17}},"27":{"start":{"line":49,"column":2},"end":{"line":51,"column":null}},"28":{"start":{"line":50,"column":4},"end":{"line":50,"column":20}},"29":{"start":{"line":52,"column":2},"end":{"line":54,"column":null}},"30":{"start":{"line":53,"column":4},"end":{"line":53,"column":18}},"31":{"start":{"line":55,"column":2},"end":{"line":57,"column":null}},"32":{"start":{"line":56,"column":4},"end":{"line":56,"column":23}},"33":{"start":{"line":58,"column":2},"end":{"line":60,"column":null}},"34":{"start":{"line":59,"column":4},"end":{"line":59,"column":21}},"35":{"start":{"line":61,"column":2},"end":{"line":61,"column":12}},"36":{"start":{"line":45,"column":13},"end":{"line":45,"column":29}},"37":{"start":{"line":64,"column":35},"end":{"line":67,"column":1}},"38":{"start":{"line":65,"column":16},"end":{"line":65,"column":38}},"39":{"start":{"line":66,"column":2},"end":{"line":66,"column":52}},"40":{"start":{"line":64,"column":13},"end":{"line":64,"column":35}},"41":{"start":{"line":69,"column":29},"end":{"line":72,"column":1}},"42":{"start":{"line":70,"column":15},"end":{"line":70,"column":23}},"43":{"start":{"line":71,"column":2},"end":{"line":71,"column":70}},"44":{"start":{"line":69,"column":13},"end":{"line":69,"column":29}},"45":{"start":{"line":74,"column":24},"end":{"line":99,"column":1}},"46":{"start":{"line":76,"column":20},"end":{"line":76,"column":25}},"47":{"start":{"line":79,"column":19},"end":{"line":79,"column":31}},"48":{"start":{"line":81,"column":4},"end":{"line":84,"column":null}},"49":{"start":{"line":82,"column":6},"end":{"line":82,"column":23}},"50":{"start":{"line":83,"column":6},"end":{"line":83,"column":13}},"51":{"start":{"line":86,"column":4},"end":{"line":86,"column":16}},"52":{"start":{"line":87,"column":4},"end":{"line":87,"column":23}},"53":{"start":{"line":89,"column":4},"end":{"line":95,"column":14}},"54":{"start":{"line":90,"column":6},"end":{"line":90,"column":26}},"55":{"start":{"line":91,"column":6},"end":{"line":94,"column":null}},"56":{"start":{"line":92,"column":8},"end":{"line":92,"column":30}},"57":{"start":{"line":93,"column":8},"end":{"line":93,"column":25}},"58":{"start":{"line":98,"column":2},"end":{"line":98,"column":17}},"59":{"start":{"line":74,"column":13},"end":{"line":74,"column":24}}},"fnMap":{"0":{"name":"f","decl":{"start":{"line":8,"column":42},"end":{"line":8,"column":43}},"loc":{"start":{"line":8,"column":53},"end":{"line":39,"column":1}}},"1":{"name":"(anonymous_1)","decl":{"start":{"line":10,"column":22},"end":{"line":10,"column":23}},"loc":{"start":{"line":10,"column":35},"end":{"line":12,"column":3}}},"2":{"name":"(anonymous_2)","decl":{"start":{"line":14,"column":24},"end":{"line":14,"column":25}},"loc":{"start":{"line":14,"column":39},"end":{"line":23,"column":3}}},"3":{"name":"(anonymous_3)","decl":{"start":{"line":19,"column":21},"end":{"line":19,"column":22}},"loc":{"start":{"line":19,"column":29},"end":{"line":19,"column":35}}},"4":{"name":"(anonymous_4)","decl":{"start":{"line":26,"column":20},"end":{"line":26,"column":21}},"loc":{"start":{"line":26,"column":25},"end":{"line":26,"column":31}}},"5":{"name":"(anonymous_5)","decl":{"start":{"line":29,"column":30},"end":{"line":29,"column":31}},"loc":{"start":{"line":29,"column":34},"end":{"line":35,"column":5}}},"6":{"name":"(anonymous_6)","decl":{"start":{"line":41,"column":26},"end":{"line":41,"column":36}},"loc":{"start":{"line":41,"column":92},"end":{"line":43,"column":1}}},"7":{"name":"(anonymous_7)","decl":{"start":{"line":45,"column":29},"end":{"line":45,"column":30}},"loc":{"start":{"line":45,"column":44},"end":{"line":62,"column":1}}},"8":{"name":"(anonymous_8)","decl":{"start":{"line":64,"column":35},"end":{"line":64,"column":36}},"loc":{"start":{"line":64,"column":47},"end":{"line":67,"column":1}}},"9":{"name":"(anonymous_9)","decl":{"start":{"line":69,"column":29},"end":{"line":69,"column":30}},"loc":{"start":{"line":69,"column":41},"end":{"line":72,"column":1}}},"10":{"name":"(anonymous_10)","decl":{"start":{"line":74,"column":24},"end":{"line":74,"column":25}},"loc":{"start":{"line":74,"column":55},"end":{"line":99,"column":1}}},"11":{"name":"wrapper","decl":{"start":{"line":79,"column":11},"end":{"line":79,"column":18}},"loc":{"start":{"line":79,"column":18},"end":{"line":96,"column":3}}},"12":{"name":"(anonymous_12)","decl":{"start":{"line":89,"column":15},"end":{"line":89,"column":null}},"loc":{"start":{"line":89,"column":15},"end":{"line":95,"column":5}}}},"branchMap":{"0":{"loc":{"start":{"line":15,"column":4},"end":{"line":17,"column":null}},"type":"if","locations":[{"start":{"line":15,"column":4},"end":{"line":17,"column":null}}]},"1":{"loc":{"start":{"line":19,"column":34},"end":{"line":21,"column":25}},"type":"cond-expr","locations":[{"start":{"line":20,"column":8},"end":{"line":20,"column":26}},{"start":{"line":21,"column":8},"end":{"line":21,"column":25}}]},"2":{"loc":{"start":{"line":25,"column":2},"end":{"line":37,"column":null}},"type":"if","locations":[{"start":{"line":25,"column":2},"end":{"line":37,"column":null}},{"start":{"line":27,"column":9},"end":{"line":37,"column":null}}]},"3":{"loc":{"start":{"line":27,"column":9},"end":{"line":37,"column":null}},"type":"if","locations":[{"start":{"line":27,"column":9},"end":{"line":37,"column":null}}]},"4":{"loc":{"start":{"line":30,"column":6},"end":{"line":34,"column":null}},"type":"if","locations":[{"start":{"line":30,"column":6},"end":{"line":34,"column":null}},{"start":{"line":32,"column":13},"end":{"line":34,"column":null}}]},"5":{"loc":{"start":{"line":46,"column":2},"end":{"line":48,"column":null}},"type":"if","locations":[{"start":{"line":46,"column":2},"end":{"line":48,"column":null}}]},"6":{"loc":{"start":{"line":46,"column":6},"end":{"line":46,"column":31}},"type":"binary-expr","locations":[{"start":{"line":46,"column":6},"end":{"line":46,"column":17}},{"start":{"line":46,"column":21},"end":{"line":46,"column":31}}]},"7":{"loc":{"start":{"line":49,"column":2},"end":{"line":51,"column":null}},"type":"if","locations":[{"start":{"line":49,"column":2},"end":{"line":51,"column":null}}]},"8":{"loc":{"start":{"line":49,"column":6},"end":{"line":49,"column":31}},"type":"binary-expr","locations":[{"start":{"line":49,"column":6},"end":{"line":49,"column":17}},{"start":{"line":49,"column":21},"end":{"line":49,"column":31}}]},"9":{"loc":{"start":{"line":52,"column":2},"end":{"line":54,"column":null}},"type":"if","locations":[{"start":{"line":52,"column":2},"end":{"line":54,"column":null}}]},"10":{"loc":{"start":{"line":52,"column":6},"end":{"line":52,"column":31}},"type":"binary-expr","locations":[{"start":{"line":52,"column":6},"end":{"line":52,"column":17}},{"start":{"line":52,"column":21},"end":{"line":52,"column":31}}]},"11":{"loc":{"start":{"line":55,"column":2},"end":{"line":57,"column":null}},"type":"if","locations":[{"start":{"line":55,"column":2},"end":{"line":57,"column":null}}]},"12":{"loc":{"start":{"line":55,"column":6},"end":{"line":55,"column":32}},"type":"binary-expr","locations":[{"start":{"line":55,"column":6},"end":{"line":55,"column":17}},{"start":{"line":55,"column":21},"end":{"line":55,"column":32}}]},"13":{"loc":{"start":{"line":58,"column":2},"end":{"line":60,"column":null}},"type":"if","locations":[{"start":{"line":58,"column":2},"end":{"line":60,"column":null}}]},"14":{"loc":{"start":{"line":65,"column":16},"end":{"line":65,"column":38}},"type":"binary-expr","locations":[{"start":{"line":65,"column":16},"end":{"line":65,"column":32}},{"start":{"line":65,"column":36},"end":{"line":65,"column":38}}]},"15":{"loc":{"start":{"line":66,"column":9},"end":{"line":66,"column":51}},"type":"cond-expr","locations":[{"start":{"line":66,"column":24},"end":{"line":66,"column":39}},{"start":{"line":66,"column":42},"end":{"line":66,"column":51}}]},"16":{"loc":{"start":{"line":71,"column":37},"end":{"line":71,"column":66}},"type":"cond-expr","locations":[{"start":{"line":71,"column":49},"end":{"line":71,"column":59}},{"start":{"line":71,"column":62},"end":{"line":71,"column":66}}]},"17":{"loc":{"start":{"line":81,"column":4},"end":{"line":84,"column":null}},"type":"if","locations":[{"start":{"line":81,"column":4},"end":{"line":84,"column":null}}]},"18":{"loc":{"start":{"line":91,"column":6},"end":{"line":94,"column":null}},"type":"if","locations":[{"start":{"line":91,"column":6},"end":{"line":94,"column":null}}]}},"s":{"0":1,"1":0,"2":0,"3":0,"4":0,"5":0,"6":0,"7":0,"8":0,"9":0,"10":0,"11":0,"12":0,"13":0,"14":0,"15":0,"16":0,"17":0,"18":0,"19":0,"20":1,"21":1,"22":1,"23":1,"24":1,"25":0,"26":0,"27":0,"28":0,"29":0,"30":0,"31":0,"32":0,"33":0,"34":0,"35":0,"36":1,"37":1,"38":0,"39":0,"40":1,"41":1,"42":0,"43":0,"44":1,"45":1,"46":0,"47":0,"48":0,"49":0,"50":0,"51":0,"52":0,"53":0,"54":0,"55":0,"56":0,"57":0,"58":0,"59":1},"f":{"0":0,"1":0,"2":0,"3":0,"4":0,"5":0,"6":1,"7":0,"8":0,"9":0,"10":0,"11":0,"12":0},"b":{"0":[0],"1":[0,0],"2":[0,0],"3":[0],"4":[0,0],"5":[0],"6":[0,0],"7":[0],"8":[0,0],"9":[0],"10":[0,0],"11":[0],"12":[0,0],"13":[0],"14":[0,0],"15":[0,0],"16":[0,0],"17":[0],"18":[0]}}
,"F:\\Projects\\JScript\\React\\React_Academy\\887489-what-to-watch-6\\src\\api\\api.ts": {"path":"F:\\Projects\\JScript\\React\\React_Academy\\887489-what-to-watch-6\\src\\api\\api.ts","statementMap":{"0":{"start":{"line":5,"column":0},"end":{"line":5,"column":35}},"1":{"start":{"line":7,"column":24},"end":{"line":13,"column":11}},"2":{"start":{"line":17,"column":0},"end":{"line":17,"column":null}},"3":{"start":{"line":19,"column":14},"end":{"line":19,"column":40}},"4":{"start":{"line":22,"column":12},"end":{"line":24,"column":null}},"5":{"start":{"line":23,"column":4},"end":{"line":23,"column":50}},"6":{"start":{"line":25,"column":2},"end":{"line":27,"column":null}},"7":{"start":{"line":26,"column":4},"end":{"line":26,"column":42}},"8":{"start":{"line":28,"column":2},"end":{"line":30,"column":null}},"9":{"start":{"line":29,"column":4},"end":{"line":29,"column":65}},"10":{"start":{"line":31,"column":0},"end":{"line":31,"column":null}},"11":{"start":{"line":33,"column":0},"end":{"line":33,"column":39}},"12":{"start":{"line":33,"column":23},"end":{"line":33,"column":26}},"13":{"start":{"line":34,"column":2},"end":{"line":36,"column":null}},"14":{"start":{"line":35,"column":4},"end":{"line":35,"column":53}},"15":{"start":{"line":37,"column":2},"end":{"line":39,"column":null}},"16":{"start":{"line":38,"column":4},"end":{"line":38,"column":54}},"17":{"start":{"line":40,"column":0},"end":{"line":40,"column":null}},"18":{"start":{"line":41,"column":0},"end":{"line":41,"column":51}},"19":{"start":{"line":41,"column":25},"end":{"line":41,"column":28}},"20":{"start":{"line":42,"column":2},"end":{"line":44,"column":null}},"21":{"start":{"line":43,"column":4},"end":{"line":43,"column":94}},"22":{"start":{"line":45,"column":2},"end":{"line":47,"column":null}},"23":{"start":{"line":46,"column":4},"end":{"line":46,"column":60}},"24":{"start":{"line":48,"column":0},"end":{"line":48,"column":null}},"25":{"start":{"line":49,"column":0},"end":{"line":49,"column":42}},"26":{"start":{"line":49,"column":26},"end":{"line":49,"column":29}},"27":{"start":{"line":50,"column":2},"end":{"line":53,"column":null}},"28":{"start":{"line":51,"column":19},"end":{"line":51,"column":39}},"29":{"start":{"line":52,"column":4},"end":{"line":52,"column":78}},"30":{"start":{"line":54,"column":0},"end":{"line":54,"column":null}},"31":{"start":{"line":55,"column":0},"end":{"line":55,"column":44}},"32":{"start":{"line":55,"column":22},"end":{"line":55,"column":25}},"33":{"start":{"line":56,"column":2},"end":{"line":58,"column":null}},"34":{"start":{"line":57,"column":4},"end":{"line":57,"column":46}},"35":{"start":{"line":59,"column":2},"end":{"line":61,"column":null}},"36":{"start":{"line":60,"column":4},"end":{"line":60,"column":54}},"37":{"start":{"line":62,"column":0},"end":{"line":62,"column":null}},"38":{"start":{"line":69,"column":13},"end":{"line":69,"column":71}},"39":{"start":{"line":70,"column":13},"end":{"line":70,"column":83}},"40":{"start":{"line":71,"column":13},"end":{"line":71,"column":80}},"41":{"start":{"line":72,"column":13},"end":{"line":72,"column":68}}},"fnMap":{"0":{"name":"(anonymous_7)","decl":{"start":{"line":17,"column":0},"end":{"line":17,"column":null}},"loc":{"start":{"line":17,"column":0},"end":{"line":31,"column":null}}},"1":{"name":"Api","decl":{"start":{"line":18,"column":2},"end":{"line":18,"column":null}},"loc":{"start":{"line":19,"column":40},"end":{"line":20,"column":6}}},"2":{"name":"(anonymous_9)","decl":{"start":{"line":22,"column":2},"end":{"line":22,"column":12}},"loc":{"start":{"line":22,"column":52},"end":{"line":24,"column":3}}},"3":{"name":"(anonymous_10)","decl":{"start":{"line":25,"column":2},"end":{"line":25,"column":5}},"loc":{"start":{"line":25,"column":2},"end":{"line":27,"column":3}}},"4":{"name":"(anonymous_11)","decl":{"start":{"line":28,"column":2},"end":{"line":28,"column":6}},"loc":{"start":{"line":28,"column":14},"end":{"line":30,"column":3}}},"5":{"name":"(anonymous_12)","decl":{"start":{"line":33,"column":0},"end":{"line":33,"column":23}},"loc":{"start":{"line":33,"column":0},"end":{"line":40,"column":null}}},"6":{"name":"(anonymous_14)","decl":{"start":{"line":34,"column":2},"end":{"line":34,"column":9}},"loc":{"start":{"line":34,"column":20},"end":{"line":36,"column":3}}},"7":{"name":"(anonymous_15)","decl":{"start":{"line":37,"column":2},"end":{"line":37,"column":10}},"loc":{"start":{"line":37,"column":2},"end":{"line":39,"column":3}}},"8":{"name":"(anonymous_16)","decl":{"start":{"line":41,"column":0},"end":{"line":41,"column":25}},"loc":{"start":{"line":41,"column":0},"end":{"line":48,"column":null}}},"9":{"name":"(anonymous_18)","decl":{"start":{"line":42,"column":2},"end":{"line":42,"column":10}},"loc":{"start":{"line":42,"column":39},"end":{"line":44,"column":3}}},"10":{"name":"(anonymous_19)","decl":{"start":{"line":45,"column":2},"end":{"line":45,"column":9}},"loc":{"start":{"line":45,"column":20},"end":{"line":47,"column":3}}},"11":{"name":"(anonymous_20)","decl":{"start":{"line":49,"column":0},"end":{"line":49,"column":26}},"loc":{"start":{"line":49,"column":0},"end":{"line":54,"column":null}}},"12":{"name":"(anonymous_22)","decl":{"start":{"line":50,"column":2},"end":{"line":50,"column":14}},"loc":{"start":{"line":50,"column":42},"end":{"line":53,"column":3}}},"13":{"name":"(anonymous_23)","decl":{"start":{"line":55,"column":0},"end":{"line":55,"column":22}},"loc":{"start":{"line":55,"column":0},"end":{"line":62,"column":null}}},"14":{"name":"(anonymous_25)","decl":{"start":{"line":56,"column":2},"end":{"line":56,"column":8}},"loc":{"start":{"line":56,"column":2},"end":{"line":58,"column":3}}},"15":{"name":"(anonymous_26)","decl":{"start":{"line":59,"column":2},"end":{"line":59,"column":9}},"loc":{"start":{"line":59,"column":2},"end":{"line":61,"column":3}}}},"branchMap":{"0":{"loc":{"start":{"line":51,"column":24},"end":{"line":51,"column":38}},"type":"cond-expr","locations":[{"start":{"line":51,"column":33},"end":{"line":51,"column":34}},{"start":{"line":51,"column":37},"end":{"line":51,"column":38}}]}},"s":{"0":1,"1":1,"2":1,"3":4,"4":1,"5":0,"6":1,"7":0,"8":1,"9":0,"10":1,"11":1,"12":1,"13":1,"14":0,"15":1,"16":0,"17":1,"18":1,"19":1,"20":1,"21":0,"22":1,"23":0,"24":1,"25":1,"26":1,"27":1,"28":0,"29":0,"30":1,"31":1,"32":1,"33":1,"34":0,"35":1,"36":0,"37":1,"38":1,"39":1,"40":1,"41":1},"f":{"0":1,"1":4,"2":0,"3":0,"4":0,"5":2,"6":0,"7":0,"8":2,"9":0,"10":0,"11":2,"12":0,"13":2,"14":0,"15":0},"b":{"0":[0,0]}}
,"F:\\Projects\\JScript\\React\\React_Academy\\887489-what-to-watch-6\\src\\api\\http-client.ts": {"path":"F:\\Projects\\JScript\\React\\React_Academy\\887489-what-to-watch-6\\src\\api\\http-client.ts","statementMap":{"0":{"start":{"line":1,"column":0},"end":{"line":1,"column":43}},"1":{"start":{"line":2,"column":0},"end":{"line":2,"column":43}},"2":{"start":{"line":4,"column":20},"end":{"line":4,"column":55}},"3":{"start":{"line":5,"column":16},"end":{"line":5,"column":20}},"4":{"start":{"line":7,"column":19},"end":{"line":11,"column":2}},"5":{"start":{"line":13,"column":18},"end":{"line":16,"column":1}},"6":{"start":{"line":14,"column":2},"end":{"line":14,"column":51}},"7":{"start":{"line":15,"column":2},"end":{"line":15,"column":18}},"8":{"start":{"line":18,"column":0},"end":{"line":18,"column":48}},"9":{"start":{"line":20,"column":0},"end":{"line":20,"column":26}}},"fnMap":{"0":{"name":"(anonymous_1)","decl":{"start":{"line":13,"column":18},"end":{"line":13,"column":19}},"loc":{"start":{"line":13,"column":51},"end":{"line":16,"column":1}}}},"branchMap":{},"s":{"0":1,"1":1,"2":1,"3":1,"4":1,"5":1,"6":0,"7":0,"8":1,"9":1},"f":{"0":0},"b":{}}
,"F:\\Projects\\JScript\\React\\React_Academy\\887489-what-to-watch-6\\src\\components\\common\\icon\\icon.tsx": {"path":"F:\\Projects\\JScript\\React\\React_Academy\\887489-what-to-watch-6\\src\\components\\common\\icon\\icon.tsx","statementMap":{"0":{"start":{"line":1,"column":0},"end":{"line":1,"column":32}},"1":{"start":{"line":3,"column":13},"end":{"line":10,"column":11}},"2":{"start":{"line":14,"column":23},"end":{"line":20,"column":1}},"3":{"start":{"line":14,"column":30},"end":{"line":14,"column":32}},"4":{"start":{"line":14,"column":38},"end":{"line":14,"column":40}},"5":{"start":{"line":14,"column":42},"end":{"line":14,"column":43}},"6":{"start":{"line":15,"column":2},"end":{"line":19,"column":4}},"7":{"start":{"line":22,"column":0},"end":{"line":22,"column":20}}},"fnMap":{"0":{"name":"(anonymous_1)","decl":{"start":{"line":14,"column":23},"end":{"line":14,"column":24}},"loc":{"start":{"line":14,"column":43},"end":{"line":20,"column":1}}}},"branchMap":{},"s":{"0":1,"1":1,"2":1,"3":2,"4":2,"5":2,"6":2,"7":1},"f":{"0":2},"b":{}}
,"F:\\Projects\\JScript\\React\\React_Academy\\887489-what-to-watch-6\\src\\components\\common\\movie-buttons\\movie-buttons.tsx": {"path":"F:\\Projects\\JScript\\React\\React_Academy\\887489-what-to-watch-6\\src\\components\\common\\movie-buttons\\movie-buttons.tsx","statementMap":{"0":{"start":{"line":1,"column":0},"end":{"line":1,"column":32}},"1":{"start":{"line":2,"column":0},"end":{"line":2,"column":68}},"2":{"start":{"line":3,"column":0},"end":{"line":3,"column":68}},"3":{"start":{"line":4,"column":0},"end":{"line":4,"column":47}},"4":{"start":{"line":5,"column":0},"end":{"line":5,"column":67}},"5":{"start":{"line":6,"column":0},"end":{"line":6,"column":42}},"6":{"start":{"line":7,"column":0},"end":{"line":7,"column":66}},"7":{"start":{"line":8,"column":0},"end":{"line":8,"column":45}},"8":{"start":{"line":9,"column":0},"end":{"line":9,"column":38}},"9":{"start":{"line":18,"column":31},"end":{"line":58,"column":1}},"10":{"start":{"line":18,"column":35},"end":{"line":18,"column":37}},"11":{"start":{"line":18,"column":46},"end":{"line":18,"column":48}},"12":{"start":{"line":18,"column":61},"end":{"line":18,"column":62}},"13":{"start":{"line":20,"column":19},"end":{"line":20,"column":35}},"14":{"start":{"line":21,"column":21},"end":{"line":21,"column":53}},"15":{"start":{"line":23,"column":25},"end":{"line":32,"column":3}},"16":{"start":{"line":24,"column":4},"end":{"line":26,"column":null}},"17":{"start":{"line":25,"column":6},"end":{"line":25,"column":13}},"18":{"start":{"line":27,"column":4},"end":{"line":31,"column":null}},"19":{"start":{"line":28,"column":6},"end":{"line":28,"column":35}},"20":{"start":{"line":30,"column":6},"end":{"line":30,"column":56}},"21":{"start":{"line":34,"column":26},"end":{"line":35,"column":50}},"22":{"start":{"line":35,"column":4},"end":{"line":35,"column":50}},"23":{"start":{"line":36,"column":4},"end":{"line":36,"column":null}},"24":{"start":{"line":38,"column":23},"end":{"line":38,"column":66}},"25":{"start":{"line":40,"column":2},"end":{"line":57,"column":4}},"26":{"start":{"line":60,"column":0},"end":{"line":60,"column":28}}},"fnMap":{"0":{"name":"(anonymous_9)","decl":{"start":{"line":18,"column":31},"end":{"line":18,"column":32}},"loc":{"start":{"line":18,"column":62},"end":{"line":58,"column":1}}},"1":{"name":"(anonymous_10)","decl":{"start":{"line":23,"column":25},"end":{"line":23,"column":null}},"loc":{"start":{"line":23,"column":25},"end":{"line":32,"column":3}}},"2":{"name":"(anonymous_11)","decl":{"start":{"line":34,"column":26},"end":{"line":34,"column":null}},"loc":{"start":{"line":34,"column":26},"end":{"line":35,"column":50}}}},"branchMap":{"0":{"loc":{"start":{"line":24,"column":4},"end":{"line":26,"column":null}},"type":"if","locations":[{"start":{"line":24,"column":4},"end":{"line":26,"column":null}}]},"1":{"loc":{"start":{"line":27,"column":4},"end":{"line":31,"column":null}},"type":"if","locations":[{"start":{"line":27,"column":4},"end":{"line":31,"column":null}},{"start":{"line":29,"column":11},"end":{"line":31,"column":null}}]},"2":{"loc":{"start":{"line":38,"column":23},"end":{"line":38,"column":66}},"type":"cond-expr","locations":[{"start":{"line":38,"column":35},"end":{"line":38,"column":50}},{"start":{"line":38,"column":53},"end":{"line":38,"column":66}}]},"3":{"loc":{"start":{"line":54,"column":7},"end":{"line":55,"column":108}},"type":"binary-expr","locations":[{"start":{"line":54,"column":7},"end":{"line":54,"column":20}},{"start":{"line":55,"column":9},"end":{"line":55,"column":108}}]}},"s":{"0":1,"1":1,"2":1,"3":1,"4":1,"5":1,"6":1,"7":1,"8":1,"9":1,"10":1,"11":1,"12":1,"13":1,"14":1,"15":1,"16":0,"17":0,"18":0,"19":0,"20":0,"21":1,"22":1,"23":1,"24":1,"25":1,"26":1},"f":{"0":1,"1":0,"2":1},"b":{"0":[0],"1":[0,0],"2":[1,0],"3":[1,0]}}
,"F:\\Projects\\JScript\\React\\React_Academy\\887489-what-to-watch-6\\src\\store\\extra-actions.ts": {"path":"F:\\Projects\\JScript\\React\\React_Academy\\887489-what-to-watch-6\\src\\store\\extra-actions.ts","statementMap":{"0":{"start":{"line":1,"column":0},"end":{"line":1,"column":46}},"1":{"start":{"line":4,"column":13},"end":{"line":18,"column":11}},"2":{"start":{"line":20,"column":13},"end":{"line":20,"column":77}},"3":{"start":{"line":22,"column":13},"end":{"line":22,"column":81}},"4":{"start":{"line":24,"column":13},"end":{"line":24,"column":102}}},"fnMap":{},"branchMap":{},"s":{"0":1,"1":1,"2":1,"3":1,"4":1},"f":{},"b":{}}
,"F:\\Projects\\JScript\\React\\React_Academy\\887489-what-to-watch-6\\src\\store\\store.ts": {"path":"F:\\Projects\\JScript\\React\\React_Academy\\887489-what-to-watch-6\\src\\store\\store.ts","statementMap":{"0":{"start":{"line":1,"column":0},"end":{"line":1,"column":48}},"1":{"start":{"line":2,"column":0},"end":{"line":2,"column":41}},"2":{"start":{"line":3,"column":0},"end":{"line":3,"column":48}},"3":{"start":{"line":4,"column":0},"end":{"line":4,"column":48}},"4":{"start":{"line":5,"column":0},"end":{"line":5,"column":39}},"5":{"start":{"line":6,"column":0},"end":{"line":6,"column":43}},"6":{"start":{"line":7,"column":0},"end":{"line":7,"column":75}},"7":{"start":{"line":9,"column":13},"end":{"line":17,"column":3}},"8":{"start":{"line":23,"column":30},"end":{"line":23,"column":47}},"9":{"start":{"line":23,"column":36},"end":{"line":23,"column":63}},"10":{"start":{"line":23,"column":13},"end":{"line":23,"column":30}},"11":{"start":{"line":24,"column":13},"end":{"line":24,"column":75}},"12":{"start":{"line":26,"column":0},"end":{"line":26,"column":21}}},"fnMap":{"0":{"name":"(anonymous_1)","decl":{"start":{"line":23,"column":30},"end":{"line":23,"column":36}},"loc":{"start":{"line":23,"column":30},"end":{"line":23,"column":47}}}},"branchMap":{},"s":{"0":1,"1":1,"2":1,"3":1,"4":1,"5":1,"6":1,"7":1,"8":1,"9":1,"10":1,"11":1,"12":1},"f":{"0":1},"b":{}}
,"F:\\Projects\\JScript\\React\\React_Academy\\887489-what-to-watch-6\\src\\store\\thunk-result-handlers.ts": {"path":"F:\\Projects\\JScript\\React\\React_Academy\\887489-what-to-watch-6\\src\\store\\thunk-result-handlers.ts","statementMap":{"0":{"start":{"line":2,"column":0},"end":{"line":2,"column":38}},"1":{"start":{"line":3,"column":0},"end":{"line":3,"column":79}},"2":{"start":{"line":5,"column":0},"end":{"line":5,"column":41}},"3":{"start":{"line":7,"column":29},"end":{"line":9,"column":1}},"4":{"start":{"line":8,"column":2},"end":{"line":8,"column":44}},"5":{"start":{"line":7,"column":13},"end":{"line":7,"column":29}},"6":{"start":{"line":11,"column":13},"end":{"line":15,"column":11}},"7":{"start":{"line":17,"column":27},"end":{"line":31,"column":1}},"8":{"start":{"line":19,"column":30},"end":{"line":19,"column":34}},"9":{"start":{"line":21,"column":2},"end":{"line":23,"column":null}},"10":{"start":{"line":22,"column":4},"end":{"line":22,"column":36}},"11":{"start":{"line":24,"column":2},"end":{"line":26,"column":null}},"12":{"start":{"line":25,"column":4},"end":{"line":25,"column":37}},"13":{"start":{"line":27,"column":2},"end":{"line":30,"column":null}},"14":{"start":{"line":28,"column":4},"end":{"line":28,"column":47}},"15":{"start":{"line":29,"column":4},"end":{"line":29,"column":70}},"16":{"start":{"line":29,"column":21},"end":{"line":29,"column":64}},"17":{"start":{"line":17,"column":13},"end":{"line":17,"column":27}}},"fnMap":{"0":{"name":"(anonymous_1)","decl":{"start":{"line":7,"column":29},"end":{"line":7,"column":30}},"loc":{"start":{"line":7,"column":51},"end":{"line":9,"column":1}}},"1":{"name":"(anonymous_2)","decl":{"start":{"line":17,"column":27},"end":{"line":17,"column":28}},"loc":{"start":{"line":17,"column":67},"end":{"line":31,"column":1}}},"2":{"name":"(anonymous_3)","decl":{"start":{"line":29,"column":15},"end":{"line":29,"column":21}},"loc":{"start":{"line":29,"column":15},"end":{"line":29,"column":29}}}},"branchMap":{"0":{"loc":{"start":{"line":21,"column":2},"end":{"line":23,"column":null}},"type":"if","locations":[{"start":{"line":21,"column":2},"end":{"line":23,"column":null}}]},"1":{"loc":{"start":{"line":21,"column":6},"end":{"line":21,"column":68}},"type":"binary-expr","locations":[{"start":{"line":21,"column":6},"end":{"line":21,"column":14}},{"start":{"line":21,"column":18},"end":{"line":21,"column":68}}]},"2":{"loc":{"start":{"line":24,"column":2},"end":{"line":26,"column":null}},"type":"if","locations":[{"start":{"line":24,"column":2},"end":{"line":26,"column":null}}]},"3":{"loc":{"start":{"line":24,"column":6},"end":{"line":24,"column":64}},"type":"binary-expr","locations":[{"start":{"line":24,"column":6},"end":{"line":24,"column":14}},{"start":{"line":24,"column":18},"end":{"line":24,"column":64}}]},"4":{"loc":{"start":{"line":27,"column":2},"end":{"line":30,"column":null}},"type":"if","locations":[{"start":{"line":27,"column":2},"end":{"line":30,"column":null}}]},"5":{"loc":{"start":{"line":27,"column":6},"end":{"line":27,"column":64}},"type":"binary-expr","locations":[{"start":{"line":27,"column":6},"end":{"line":27,"column":14}},{"start":{"line":27,"column":18},"end":{"line":27,"column":40}},{"start":{"line":27,"column":44},"end":{"line":27,"column":53}},{"start":{"line":27,"column":57},"end":{"line":27,"column":64}}]}},"s":{"0":1,"1":1,"2":1,"3":1,"4":0,"5":1,"6":1,"7":1,"8":0,"9":0,"10":0,"11":0,"12":0,"13":0,"14":0,"15":0,"16":0,"17":1},"f":{"0":0,"1":0,"2":0},"b":{"0":[0],"1":[0,0],"2":[0],"3":[0,0],"4":[0],"5":[0,0,0,0]}}
,"F:\\Projects\\JScript\\React\\React_Academy\\887489-what-to-watch-6\\src\\store\\slices\\fav-films-slice.ts": {"path":"F:\\Projects\\JScript\\React\\React_Academy\\887489-what-to-watch-6\\src\\store\\slices\\fav-films-slice.ts","statementMap":{"0":{"start":{"line":1,"column":0},"end":{"line":1,"column":null}},"1":{"start":{"line":6,"column":0},"end":{"line":6,"column":42}},"2":{"start":{"line":7,"column":0},"end":{"line":7,"column":66}},"3":{"start":{"line":8,"column":0},"end":{"line":8,"column":81}},"4":{"start":{"line":10,"column":0},"end":{"line":10,"column":68}},"5":{"start":{"line":20,"column":13},"end":{"line":24,"column":2}},"6":{"start":{"line":26,"column":13},"end":{"line":38,"column":7}},"7":{"start":{"line":27,"column":23},"end":{"line":27,"column":24}},"8":{"start":{"line":29,"column":25},"end":{"line":29,"column":null}},"9":{"start":{"line":29,"column":14},"end":{"line":29,"column":null}},"10":{"start":{"line":30,"column":8},"end":{"line":30,"column":47}},"11":{"start":{"line":31,"column":8},"end":{"line":31,"column":32}},"12":{"start":{"line":32,"column":8},"end":{"line":32,"column":29}},"13":{"start":{"line":35,"column":8},"end":{"line":35,"column":35}},"14":{"start":{"line":36,"column":8},"end":{"line":36,"column":18}},"15":{"start":{"line":40,"column":13},"end":{"line":52,"column":7}},"16":{"start":{"line":41,"column":59},"end":{"line":41,"column":60}},"17":{"start":{"line":43,"column":25},"end":{"line":43,"column":null}},"18":{"start":{"line":43,"column":14},"end":{"line":43,"column":null}},"19":{"start":{"line":44,"column":8},"end":{"line":44,"column":49}},"20":{"start":{"line":45,"column":8},"end":{"line":45,"column":32}},"21":{"start":{"line":46,"column":8},"end":{"line":46,"column":29}},"22":{"start":{"line":49,"column":8},"end":{"line":49,"column":35}},"23":{"start":{"line":50,"column":8},"end":{"line":50,"column":18}},"24":{"start":{"line":54,"column":22},"end":{"line":76,"column":2}},"25":{"start":{"line":59,"column":4},"end":{"line":74,"column":9}},"26":{"start":{"line":61,"column":8},"end":{"line":61,"column":49}},"27":{"start":{"line":62,"column":8},"end":{"line":62,"column":58}},"28":{"start":{"line":62,"column":49},"end":{"line":62,"column":57}},"29":{"start":{"line":65,"column":8},"end":{"line":69,"column":null}},"30":{"start":{"line":66,"column":10},"end":{"line":66,"column":61}},"31":{"start":{"line":66,"column":35},"end":{"line":66,"column":60}},"32":{"start":{"line":67,"column":15},"end":{"line":69,"column":null}},"33":{"start":{"line":68,"column":10},"end":{"line":68,"column":44}},"34":{"start":{"line":72,"column":8},"end":{"line":72,"column":44}},"35":{"start":{"line":73,"column":8},"end":{"line":73,"column":23}},"36":{"start":{"line":78,"column":0},"end":{"line":78,"column":40}},"37":{"start":{"line":80,"column":33},"end":{"line":80,"column":70}},"38":{"start":{"line":80,"column":65},"end":{"line":80,"column":84}},"39":{"start":{"line":80,"column":13},"end":{"line":80,"column":33}},"40":{"start":{"line":81,"column":36},"end":{"line":81,"column":81}},"41":{"start":{"line":81,"column":76},"end":{"line":81,"column":98}},"42":{"start":{"line":81,"column":13},"end":{"line":81,"column":36}},"43":{"start":{"line":82,"column":35},"end":{"line":82,"column":69}},"44":{"start":{"line":82,"column":64},"end":{"line":82,"column":85}},"45":{"start":{"line":82,"column":13},"end":{"line":82,"column":35}},"46":{"start":{"line":84,"column":0},"end":{"line":84,"column":37}}},"fnMap":{"0":{"name":"(anonymous_13)","decl":{"start":{"line":27,"column":4},"end":{"line":27,"column":11}},"loc":{"start":{"line":27,"column":24},"end":{"line":38,"column":6}}},"1":{"name":"(anonymous_16)","decl":{"start":{"line":41,"column":4},"end":{"line":41,"column":11}},"loc":{"start":{"line":41,"column":60},"end":{"line":52,"column":6}}},"2":{"name":"(anonymous_19)","decl":{"start":{"line":58,"column":15},"end":{"line":58,"column":16}},"loc":{"start":{"line":58,"column":23},"end":{"line":75,"column":3}}},"3":{"name":"(anonymous_20)","decl":{"start":{"line":60,"column":40},"end":{"line":60,"column":41}},"loc":{"start":{"line":60,"column":54},"end":{"line":63,"column":7}}},"4":{"name":"(anonymous_21)","decl":{"start":{"line":62,"column":39},"end":{"line":62,"column":40}},"loc":{"start":{"line":62,"column":44},"end":{"line":62,"column":53}}},"5":{"name":"(anonymous_22)","decl":{"start":{"line":64,"column":40},"end":{"line":64,"column":41}},"loc":{"start":{"line":64,"column":54},"end":{"line":70,"column":7}}},"6":{"name":"(anonymous_23)","decl":{"start":{"line":66,"column":27},"end":{"line":66,"column":28}},"loc":{"start":{"line":66,"column":30},"end":{"line":66,"column":37}}},"7":{"name":"(anonymous_24)","decl":{"start":{"line":71,"column":36},"end":{"line":71,"column":37}},"loc":{"start":{"line":71,"column":42},"end":{"line":74,"column":7}}},"8":{"name":"(anonymous_25)","decl":{"start":{"line":80,"column":33},"end":{"line":80,"column":34}},"loc":{"start":{"line":80,"column":50},"end":{"line":80,"column":70}}},"9":{"name":"(anonymous_26)","decl":{"start":{"line":81,"column":36},"end":{"line":81,"column":37}},"loc":{"start":{"line":81,"column":53},"end":{"line":81,"column":81}}},"10":{"name":"(anonymous_27)","decl":{"start":{"line":82,"column":35},"end":{"line":82,"column":36}},"loc":{"start":{"line":82,"column":52},"end":{"line":82,"column":69}}}},"branchMap":{"0":{"loc":{"start":{"line":65,"column":8},"end":{"line":69,"column":null}},"type":"if","locations":[{"start":{"line":65,"column":8},"end":{"line":69,"column":null}},{"start":{"line":67,"column":15},"end":{"line":69,"column":null}}]},"1":{"loc":{"start":{"line":67,"column":15},"end":{"line":69,"column":null}},"type":"if","locations":[{"start":{"line":67,"column":15},"end":{"line":69,"column":null}}]}},"s":{"0":1,"1":1,"2":1,"3":1,"4":1,"5":1,"6":1,"7":0,"8":0,"9":0,"10":0,"11":0,"12":0,"13":0,"14":0,"15":1,"16":0,"17":0,"18":0,"19":0,"20":0,"21":0,"22":0,"23":0,"24":1,"25":1,"26":0,"27":0,"28":0,"29":0,"30":0,"31":0,"32":0,"33":0,"34":0,"35":0,"36":1,"37":1,"38":0,"39":1,"40":1,"41":0,"42":1,"43":1,"44":0,"45":1,"46":1},"f":{"0":0,"1":0,"2":1,"3":0,"4":0,"5":0,"6":0,"7":0,"8":0,"9":0,"10":0},"b":{"0":[0,0],"1":[0]}}
,"F:\\Projects\\JScript\\React\\React_Academy\\887489-what-to-watch-6\\src\\store\\slices\\film-info-slice.ts": {"path":"F:\\Projects\\JScript\\React\\React_Academy\\887489-what-to-watch-6\\src\\store\\slices\\film-info-slice.ts","statementMap":{"0":{"start":{"line":1,"column":0},"end":{"line":1,"column":null}},"1":{"start":{"line":6,"column":0},"end":{"line":6,"column":55}},"2":{"start":{"line":8,"column":0},"end":{"line":8,"column":45}},"3":{"start":{"line":10,"column":0},"end":{"line":10,"column":44}},"4":{"start":{"line":11,"column":0},"end":{"line":11,"column":39}},"5":{"start":{"line":12,"column":0},"end":{"line":12,"column":41}},"6":{"start":{"line":13,"column":0},"end":{"line":13,"column":68}},"7":{"start":{"line":21,"column":13},"end":{"line":24,"column":2}},"8":{"start":{"line":26,"column":13},"end":{"line":37,"column":7}},"9":{"start":{"line":27,"column":32},"end":{"line":27,"column":33}},"10":{"start":{"line":29,"column":25},"end":{"line":29,"column":null}},"11":{"start":{"line":29,"column":14},"end":{"line":29,"column":null}},"12":{"start":{"line":30,"column":8},"end":{"line":30,"column":32}},"13":{"start":{"line":31,"column":8},"end":{"line":31,"column":37}},"14":{"start":{"line":34,"column":8},"end":{"line":34,"column":35}},"15":{"start":{"line":35,"column":8},"end":{"line":35,"column":18}},"16":{"start":{"line":38,"column":13},"end":{"line":52,"column":7}},"17":{"start":{"line":39,"column":59},"end":{"line":39,"column":60}},"18":{"start":{"line":41,"column":25},"end":{"line":41,"column":null}},"19":{"start":{"line":41,"column":14},"end":{"line":41,"column":null}},"20":{"start":{"line":42,"column":8},"end":{"line":44,"column":null}},"21":{"start":{"line":43,"column":10},"end":{"line":43,"column":59}},"22":{"start":{"line":45,"column":8},"end":{"line":45,"column":32}},"23":{"start":{"line":46,"column":8},"end":{"line":46,"column":42}},"24":{"start":{"line":49,"column":8},"end":{"line":49,"column":35}},"25":{"start":{"line":50,"column":8},"end":{"line":50,"column":18}},"26":{"start":{"line":54,"column":22},"end":{"line":72,"column":2}},"27":{"start":{"line":59,"column":6},"end":{"line":59,"column":40}},"28":{"start":{"line":63,"column":4},"end":{"line":70,"column":9}},"29":{"start":{"line":65,"column":8},"end":{"line":65,"column":71}},"30":{"start":{"line":68,"column":8},"end":{"line":68,"column":71}},"31":{"start":{"line":69,"column":8},"end":{"line":69,"column":43}},"32":{"start":{"line":74,"column":14},"end":{"line":74,"column":57}},"33":{"start":{"line":76,"column":36},"end":{"line":76,"column":73}},"34":{"start":{"line":76,"column":68},"end":{"line":76,"column":94}},"35":{"start":{"line":76,"column":13},"end":{"line":76,"column":36}},"36":{"start":{"line":77,"column":33},"end":{"line":77,"column":89}},"37":{"start":{"line":77,"column":84},"end":{"line":77,"column":116}},"38":{"start":{"line":77,"column":13},"end":{"line":77,"column":33}},"39":{"start":{"line":80,"column":0},"end":{"line":80,"column":37}}},"fnMap":{"0":{"name":"(anonymous_14)","decl":{"start":{"line":27,"column":4},"end":{"line":27,"column":11}},"loc":{"start":{"line":27,"column":33},"end":{"line":37,"column":6}}},"1":{"name":"(anonymous_17)","decl":{"start":{"line":39,"column":4},"end":{"line":39,"column":11}},"loc":{"start":{"line":39,"column":60},"end":{"line":52,"column":6}}},"2":{"name":"(anonymous_20)","decl":{"start":{"line":58,"column":4},"end":{"line":58,"column":21}},"loc":{"start":{"line":58,"column":60},"end":{"line":60,"column":5}}},"3":{"name":"(anonymous_21)","decl":{"start":{"line":62,"column":15},"end":{"line":62,"column":16}},"loc":{"start":{"line":62,"column":23},"end":{"line":71,"column":3}}},"4":{"name":"(anonymous_22)","decl":{"start":{"line":64,"column":43},"end":{"line":64,"column":44}},"loc":{"start":{"line":64,"column":57},"end":{"line":66,"column":7}}},"5":{"name":"(anonymous_23)","decl":{"start":{"line":67,"column":41},"end":{"line":67,"column":42}},"loc":{"start":{"line":67,"column":55},"end":{"line":70,"column":7}}},"6":{"name":"(anonymous_24)","decl":{"start":{"line":76,"column":36},"end":{"line":76,"column":37}},"loc":{"start":{"line":76,"column":53},"end":{"line":76,"column":73}}},"7":{"name":"(anonymous_25)","decl":{"start":{"line":77,"column":33},"end":{"line":77,"column":34}},"loc":{"start":{"line":77,"column":66},"end":{"line":77,"column":89}}}},"branchMap":{"0":{"loc":{"start":{"line":42,"column":8},"end":{"line":44,"column":null}},"type":"if","locations":[{"start":{"line":42,"column":8},"end":{"line":44,"column":null}}]}},"s":{"0":1,"1":1,"2":1,"3":1,"4":1,"5":1,"6":1,"7":1,"8":1,"9":0,"10":0,"11":0,"12":0,"13":0,"14":0,"15":0,"16":1,"17":0,"18":0,"19":0,"20":0,"21":0,"22":0,"23":0,"24":0,"25":0,"26":1,"27":0,"28":1,"29":0,"30":0,"31":0,"32":1,"33":1,"34":0,"35":1,"36":1,"37":0,"38":1,"39":1},"f":{"0":0,"1":0,"2":0,"3":1,"4":0,"5":0,"6":0,"7":0},"b":{"0":[0]}}
,"F:\\Projects\\JScript\\React\\React_Academy\\887489-what-to-watch-6\\src\\store\\slices\\films-slice.ts": {"path":"F:\\Projects\\JScript\\React\\React_Academy\\887489-what-to-watch-6\\src\\store\\slices\\films-slice.ts","statementMap":{"0":{"start":{"line":1,"column":0},"end":{"line":1,"column":null}},"1":{"start":{"line":10,"column":0},"end":{"line":10,"column":105}},"2":{"start":{"line":12,"column":0},"end":{"line":12,"column":52}},"3":{"start":{"line":14,"column":0},"end":{"line":14,"column":60}},"4":{"start":{"line":15,"column":0},"end":{"line":15,"column":39}},"5":{"start":{"line":16,"column":0},"end":{"line":16,"column":68}},"6":{"start":{"line":28,"column":21},"end":{"line":28,"column":48}},"7":{"start":{"line":30,"column":13},"end":{"line":36,"column":3}},"8":{"start":{"line":38,"column":13},"end":{"line":49,"column":7}},"9":{"start":{"line":39,"column":23},"end":{"line":39,"column":24}},"10":{"start":{"line":41,"column":25},"end":{"line":41,"column":null}},"11":{"start":{"line":41,"column":14},"end":{"line":41,"column":null}},"12":{"start":{"line":42,"column":8},"end":{"line":42,"column":32}},"13":{"start":{"line":43,"column":8},"end":{"line":43,"column":29}},"14":{"start":{"line":46,"column":8},"end":{"line":46,"column":35}},"15":{"start":{"line":47,"column":8},"end":{"line":47,"column":18}},"16":{"start":{"line":51,"column":13},"end":{"line":62,"column":7}},"17":{"start":{"line":52,"column":32},"end":{"line":52,"column":33}},"18":{"start":{"line":54,"column":25},"end":{"line":54,"column":null}},"19":{"start":{"line":54,"column":14},"end":{"line":54,"column":null}},"20":{"start":{"line":55,"column":8},"end":{"line":55,"column":32}},"21":{"start":{"line":56,"column":8},"end":{"line":56,"column":29}},"22":{"start":{"line":59,"column":8},"end":{"line":59,"column":35}},"23":{"start":{"line":60,"column":8},"end":{"line":60,"column":18}},"24":{"start":{"line":64,"column":13},"end":{"line":75,"column":7}},"25":{"start":{"line":65,"column":23},"end":{"line":65,"column":24}},"26":{"start":{"line":67,"column":25},"end":{"line":67,"column":null}},"27":{"start":{"line":67,"column":14},"end":{"line":67,"column":null}},"28":{"start":{"line":68,"column":8},"end":{"line":68,"column":32}},"29":{"start":{"line":69,"column":8},"end":{"line":69,"column":29}},"30":{"start":{"line":72,"column":8},"end":{"line":72,"column":35}},"31":{"start":{"line":73,"column":8},"end":{"line":73,"column":18}},"32":{"start":{"line":77,"column":19},"end":{"line":101,"column":2}},"33":{"start":{"line":82,"column":6},"end":{"line":82,"column":42}},"34":{"start":{"line":85,"column":6},"end":{"line":85,"column":48}},"35":{"start":{"line":89,"column":4},"end":{"line":99,"column":49}},"36":{"start":{"line":91,"column":6},"end":{"line":91,"column":47}},"37":{"start":{"line":92,"column":6},"end":{"line":92,"column":50}},"38":{"start":{"line":95,"column":6},"end":{"line":95,"column":49}},"39":{"start":{"line":96,"column":6},"end":{"line":96,"column":40}},"40":{"start":{"line":103,"column":14},"end":{"line":103,"column":52}},"41":{"start":{"line":106,"column":13},"end":{"line":108,"column":null}},"42":{"start":{"line":109,"column":52},"end":{"line":109,"column":64}},"43":{"start":{"line":111,"column":40},"end":{"line":111,"column":85}},"44":{"start":{"line":111,"column":80},"end":{"line":111,"column":99}},"45":{"start":{"line":111,"column":13},"end":{"line":111,"column":40}},"46":{"start":{"line":112,"column":39},"end":{"line":112,"column":73}},"47":{"start":{"line":112,"column":68},"end":{"line":112,"column":86}},"48":{"start":{"line":112,"column":13},"end":{"line":112,"column":39}},"49":{"start":{"line":113,"column":34},"end":{"line":113,"column":76}},"50":{"start":{"line":113,"column":71},"end":{"line":113,"column":91}},"51":{"start":{"line":113,"column":13},"end":{"line":113,"column":34}},"52":{"start":{"line":114,"column":39},"end":{"line":114,"column":74}},"53":{"start":{"line":114,"column":69},"end":{"line":114,"column":94}},"54":{"start":{"line":114,"column":13},"end":{"line":114,"column":39}},"55":{"start":{"line":115,"column":38},"end":{"line":115,"column":73}},"56":{"start":{"line":115,"column":68},"end":{"line":115,"column":92}},"57":{"start":{"line":115,"column":13},"end":{"line":115,"column":38}},"58":{"start":{"line":117,"column":13},"end":{"line":120,"column":2}},"59":{"start":{"line":119,"column":15},"end":{"line":119,"column":null}},"60":{"start":{"line":119,"column":54},"end":{"line":119,"column":65}},"61":{"start":{"line":122,"column":13},"end":{"line":129,"column":2}},"62":{"start":{"line":123,"column":53},"end":{"line":123,"column":null}},"63":{"start":{"line":125,"column":6},"end":{"line":127,"column":78}},"64":{"start":{"line":126,"column":30},"end":{"line":126,"column":38}},"65":{"start":{"line":127,"column":33},"end":{"line":127,"column":54}},"66":{"start":{"line":127,"column":69},"end":{"line":127,"column":77}},"67":{"start":{"line":131,"column":13},"end":{"line":143,"column":2}},"68":{"start":{"line":134,"column":6},"end":{"line":140,"column":null}},"69":{"start":{"line":135,"column":28},"end":{"line":135,"column":33}},"70":{"start":{"line":137,"column":8},"end":{"line":139,"column":33}},"71":{"start":{"line":137,"column":38},"end":{"line":137,"column":77}},"72":{"start":{"line":138,"column":21},"end":{"line":138,"column":29}},"73":{"start":{"line":141,"column":6},"end":{"line":141,"column":16}},"74":{"start":{"line":145,"column":0},"end":{"line":145,"column":34}}},"fnMap":{"0":{"name":"(anonymous_13)","decl":{"start":{"line":39,"column":4},"end":{"line":39,"column":11}},"loc":{"start":{"line":39,"column":24},"end":{"line":49,"column":6}}},"1":{"name":"(anonymous_16)","decl":{"start":{"line":52,"column":4},"end":{"line":52,"column":11}},"loc":{"start":{"line":52,"column":33},"end":{"line":62,"column":6}}},"2":{"name":"(anonymous_19)","decl":{"start":{"line":65,"column":4},"end":{"line":65,"column":11}},"loc":{"start":{"line":65,"column":24},"end":{"line":75,"column":6}}},"3":{"name":"(anonymous_22)","decl":{"start":{"line":81,"column":4},"end":{"line":81,"column":16}},"loc":{"start":{"line":81,"column":53},"end":{"line":83,"column":5}}},"4":{"name":"(anonymous_23)","decl":{"start":{"line":84,"column":24},"end":{"line":84,"column":25}},"loc":{"start":{"line":84,"column":30},"end":{"line":86,"column":5}}},"5":{"name":"(anonymous_24)","decl":{"start":{"line":88,"column":15},"end":{"line":88,"column":16}},"loc":{"start":{"line":88,"column":23},"end":{"line":100,"column":3}}},"6":{"name":"(anonymous_25)","decl":{"start":{"line":90,"column":35},"end":{"line":90,"column":36}},"loc":{"start":{"line":90,"column":49},"end":{"line":93,"column":5}}},"7":{"name":"(anonymous_26)","decl":{"start":{"line":94,"column":39},"end":{"line":94,"column":40}},"loc":{"start":{"line":94,"column":53},"end":{"line":97,"column":5}}},"8":{"name":"(anonymous_27)","decl":{"start":{"line":109,"column":30},"end":{"line":109,"column":31}},"loc":{"start":{"line":109,"column":47},"end":{"line":109,"column":57}}},"9":{"name":"(anonymous_28)","decl":{"start":{"line":111,"column":40},"end":{"line":111,"column":41}},"loc":{"start":{"line":111,"column":57},"end":{"line":111,"column":85}}},"10":{"name":"(anonymous_29)","decl":{"start":{"line":112,"column":39},"end":{"line":112,"column":40}},"loc":{"start":{"line":112,"column":56},"end":{"line":112,"column":73}}},"11":{"name":"(anonymous_30)","decl":{"start":{"line":113,"column":34},"end":{"line":113,"column":35}},"loc":{"start":{"line":113,"column":51},"end":{"line":113,"column":76}}},"12":{"name":"(anonymous_31)","decl":{"start":{"line":114,"column":39},"end":{"line":114,"column":40}},"loc":{"start":{"line":114,"column":56},"end":{"line":114,"column":74}}},"13":{"name":"(anonymous_32)","decl":{"start":{"line":115,"column":38},"end":{"line":115,"column":39}},"loc":{"start":{"line":115,"column":55},"end":{"line":115,"column":73}}},"14":{"name":"(anonymous_33)","decl":{"start":{"line":119,"column":4},"end":{"line":119,"column":5}},"loc":{"start":{"line":119,"column":10},"end":{"line":119,"column":20}}},"15":{"name":"(anonymous_34)","decl":{"start":{"line":119,"column":44},"end":{"line":119,"column":45}},"loc":{"start":{"line":119,"column":49},"end":{"line":119,"column":58}}},"16":{"name":"(anonymous_35)","decl":{"start":{"line":123,"column":20},"end":{"line":123,"column":21}},"loc":{"start":{"line":123,"column":48},"end":{"line":123,"column":58}}},"17":{"name":"(anonymous_36)","decl":{"start":{"line":124,"column":4},"end":{"line":124,"column":5}},"loc":{"start":{"line":124,"column":17},"end":{"line":128,"column":5}}},"18":{"name":"(anonymous_37)","decl":{"start":{"line":126,"column":20},"end":{"line":126,"column":21}},"loc":{"start":{"line":126,"column":25},"end":{"line":126,"column":34}}},"19":{"name":"(anonymous_38)","decl":{"start":{"line":127,"column":23},"end":{"line":127,"column":24}},"loc":{"start":{"line":127,"column":28},"end":{"line":127,"column":37}}},"20":{"name":"(anonymous_39)","decl":{"start":{"line":127,"column":59},"end":{"line":127,"column":60}},"loc":{"start":{"line":127,"column":64},"end":{"line":127,"column":73}}},"21":{"name":"(anonymous_40)","decl":{"start":{"line":133,"column":4},"end":{"line":133,"column":5}},"loc":{"start":{"line":133,"column":16},"end":{"line":142,"column":5}}},"22":{"name":"(anonymous_41)","decl":{"start":{"line":137,"column":28},"end":{"line":137,"column":29}},"loc":{"start":{"line":137,"column":33},"end":{"line":137,"column":42}}},"23":{"name":"(anonymous_42)","decl":{"start":{"line":138,"column":11},"end":{"line":138,"column":12}},"loc":{"start":{"line":138,"column":16},"end":{"line":138,"column":25}}}},"branchMap":{"0":{"loc":{"start":{"line":125,"column":13},"end":{"line":127,"column":77}},"type":"cond-expr","locations":[{"start":{"line":126,"column":10},"end":{"line":126,"column":38}},{"start":{"line":127,"column":10},"end":{"line":127,"column":77}}]},"1":{"loc":{"start":{"line":134,"column":6},"end":{"line":140,"column":null}},"type":"if","locations":[{"start":{"line":134,"column":6},"end":{"line":140,"column":null}}]},"2":{"loc":{"start":{"line":137,"column":38},"end":{"line":137,"column":76}},"type":"binary-expr","locations":[{"start":{"line":137,"column":38},"end":{"line":137,"column":58}},{"start":{"line":137,"column":62},"end":{"line":137,"column":76}}]}},"s":{"0":1,"1":1,"2":1,"3":1,"4":1,"5":1,"6":1,"7":1,"8":1,"9":0,"10":0,"11":0,"12":0,"13":0,"14":0,"15":0,"16":1,"17":0,"18":0,"19":0,"20":0,"21":0,"22":0,"23":0,"24":1,"25":0,"26":0,"27":0,"28":0,"29":0,"30":0,"31":0,"32":1,"33":0,"34":0,"35":1,"36":0,"37":0,"38":0,"39":0,"40":1,"41":1,"42":0,"43":1,"44":0,"45":1,"46":1,"47":0,"48":1,"49":1,"50":0,"51":1,"52":1,"53":0,"54":1,"55":1,"56":0,"57":1,"58":1,"59":0,"60":0,"61":1,"62":0,"63":0,"64":0,"65":0,"66":0,"67":1,"68":0,"69":0,"70":0,"71":0,"72":0,"73":0,"74":1},"f":{"0":0,"1":0,"2":0,"3":0,"4":0,"5":1,"6":0,"7":0,"8":0,"9":0,"10":0,"11":0,"12":0,"13":0,"14":0,"15":0,"16":0,"17":0,"18":0,"19":0,"20":0,"21":0,"22":0,"23":0},"b":{"0":[0,0],"1":[0],"2":[0,0]}}
,"F:\\Projects\\JScript\\React\\React_Academy\\887489-what-to-watch-6\\src\\store\\slices\\server-slice.ts": {"path":"F:\\Projects\\JScript\\React\\React_Academy\\887489-what-to-watch-6\\src\\store\\slices\\server-slice.ts","statementMap":{"0":{"start":{"line":1,"column":0},"end":{"line":1,"column":45}},"1":{"start":{"line":2,"column":0},"end":{"line":2,"column":59}},"2":{"start":{"line":10,"column":28},"end":{"line":12,"column":2}},"3":{"start":{"line":14,"column":20},"end":{"line":24,"column":2}},"4":{"start":{"line":19,"column":4},"end":{"line":22,"column":7}},"5":{"start":{"line":21,"column":6},"end":{"line":21,"column":41}},"6":{"start":{"line":26,"column":0},"end":{"line":26,"column":38}},"7":{"start":{"line":28,"column":39},"end":{"line":28,"column":75}},"8":{"start":{"line":28,"column":70},"end":{"line":28,"column":95}},"9":{"start":{"line":28,"column":13},"end":{"line":28,"column":39}},"10":{"start":{"line":30,"column":0},"end":{"line":30,"column":35}}},"fnMap":{"0":{"name":"(anonymous_0)","decl":{"start":{"line":18,"column":15},"end":{"line":18,"column":16}},"loc":{"start":{"line":18,"column":23},"end":{"line":23,"column":3}}},"1":{"name":"(anonymous_1)","decl":{"start":{"line":20,"column":40},"end":{"line":20,"column":41}},"loc":{"start":{"line":20,"column":54},"end":{"line":22,"column":5}}},"2":{"name":"(anonymous_2)","decl":{"start":{"line":28,"column":39},"end":{"line":28,"column":40}},"loc":{"start":{"line":28,"column":56},"end":{"line":28,"column":75}}}},"branchMap":{},"s":{"0":1,"1":1,"2":1,"3":1,"4":1,"5":0,"6":1,"7":1,"8":0,"9":1,"10":1},"f":{"0":1,"1":0,"2":0},"b":{}}
,"F:\\Projects\\JScript\\React\\React_Academy\\887489-what-to-watch-6\\src\\store\\slices\\user-slice.ts": {"path":"F:\\Projects\\JScript\\React\\React_Academy\\887489-what-to-watch-6\\src\\store\\slices\\user-slice.ts","statementMap":{"0":{"start":{"line":1,"column":0},"end":{"line":1,"column":null}},"1":{"start":{"line":5,"column":0},"end":{"line":5,"column":38}},"2":{"start":{"line":6,"column":0},"end":{"line":6,"column":78}},"3":{"start":{"line":8,"column":0},"end":{"line":8,"column":66}},"4":{"start":{"line":10,"column":0},"end":{"line":10,"column":68}},"5":{"start":{"line":17,"column":28},"end":{"line":20,"column":2}},"6":{"start":{"line":22,"column":13},"end":{"line":34,"column":7}},"7":{"start":{"line":24,"column":23},"end":{"line":24,"column":24}},"8":{"start":{"line":26,"column":25},"end":{"line":26,"column":null}},"9":{"start":{"line":26,"column":14},"end":{"line":26,"column":null}},"10":{"start":{"line":27,"column":8},"end":{"line":27,"column":32}},"11":{"start":{"line":28,"column":8},"end":{"line":28,"column":29}},"12":{"start":{"line":31,"column":8},"end":{"line":31,"column":35}},"13":{"start":{"line":32,"column":8},"end":{"line":32,"column":18}},"14":{"start":{"line":36,"column":13},"end":{"line":47,"column":7}},"15":{"start":{"line":37,"column":36},"end":{"line":37,"column":37}},"16":{"start":{"line":39,"column":25},"end":{"line":39,"column":null}},"17":{"start":{"line":39,"column":14},"end":{"line":39,"column":null}},"18":{"start":{"line":40,"column":8},"end":{"line":40,"column":32}},"19":{"start":{"line":41,"column":8},"end":{"line":41,"column":29}},"20":{"start":{"line":44,"column":8},"end":{"line":44,"column":35}},"21":{"start":{"line":45,"column":8},"end":{"line":45,"column":18}},"22":{"start":{"line":49,"column":13},"end":{"line":61,"column":7}},"23":{"start":{"line":50,"column":23},"end":{"line":50,"column":24}},"24":{"start":{"line":52,"column":25},"end":{"line":52,"column":null}},"25":{"start":{"line":52,"column":14},"end":{"line":52,"column":null}},"26":{"start":{"line":53,"column":8},"end":{"line":53,"column":40}},"27":{"start":{"line":54,"column":8},"end":{"line":54,"column":32}},"28":{"start":{"line":55,"column":8},"end":{"line":55,"column":29}},"29":{"start":{"line":58,"column":8},"end":{"line":58,"column":35}},"30":{"start":{"line":59,"column":8},"end":{"line":59,"column":18}},"31":{"start":{"line":64,"column":18},"end":{"line":91,"column":2}},"32":{"start":{"line":69,"column":4},"end":{"line":89,"column":9}},"33":{"start":{"line":71,"column":8},"end":{"line":71,"column":56}},"34":{"start":{"line":72,"column":8},"end":{"line":72,"column":36}},"35":{"start":{"line":75,"column":8},"end":{"line":75,"column":59}},"36":{"start":{"line":76,"column":8},"end":{"line":76,"column":26}},"37":{"start":{"line":79,"column":8},"end":{"line":79,"column":56}},"38":{"start":{"line":80,"column":8},"end":{"line":80,"column":36}},"39":{"start":{"line":83,"column":8},"end":{"line":83,"column":59}},"40":{"start":{"line":84,"column":8},"end":{"line":84,"column":26}},"41":{"start":{"line":87,"column":8},"end":{"line":87,"column":59}},"42":{"start":{"line":88,"column":8},"end":{"line":88,"column":26}},"43":{"start":{"line":93,"column":0},"end":{"line":93,"column":36}},"44":{"start":{"line":95,"column":32},"end":{"line":95,"column":90}},"45":{"start":{"line":95,"column":85},"end":{"line":95,"column":103}},"46":{"start":{"line":95,"column":13},"end":{"line":95,"column":32}},"47":{"start":{"line":96,"column":26},"end":{"line":96,"column":69}},"48":{"start":{"line":96,"column":64},"end":{"line":96,"column":80}},"49":{"start":{"line":96,"column":13},"end":{"line":96,"column":26}},"50":{"start":{"line":98,"column":0},"end":{"line":98,"column":33}}},"fnMap":{"0":{"name":"(anonymous_13)","decl":{"start":{"line":24,"column":4},"end":{"line":24,"column":11}},"loc":{"start":{"line":24,"column":24},"end":{"line":34,"column":6}}},"1":{"name":"(anonymous_16)","decl":{"start":{"line":37,"column":4},"end":{"line":37,"column":11}},"loc":{"start":{"line":37,"column":37},"end":{"line":47,"column":6}}},"2":{"name":"(anonymous_19)","decl":{"start":{"line":50,"column":4},"end":{"line":50,"column":11}},"loc":{"start":{"line":50,"column":24},"end":{"line":61,"column":6}}},"3":{"name":"(anonymous_22)","decl":{"start":{"line":68,"column":15},"end":{"line":68,"column":16}},"loc":{"start":{"line":68,"column":23},"end":{"line":90,"column":3}}},"4":{"name":"(anonymous_23)","decl":{"start":{"line":70,"column":36},"end":{"line":70,"column":37}},"loc":{"start":{"line":70,"column":50},"end":{"line":73,"column":7}}},"5":{"name":"(anonymous_24)","decl":{"start":{"line":74,"column":35},"end":{"line":74,"column":36}},"loc":{"start":{"line":74,"column":41},"end":{"line":77,"column":7}}},"6":{"name":"(anonymous_25)","decl":{"start":{"line":78,"column":32},"end":{"line":78,"column":33}},"loc":{"start":{"line":78,"column":46},"end":{"line":81,"column":7}}},"7":{"name":"(anonymous_26)","decl":{"start":{"line":82,"column":33},"end":{"line":82,"column":34}},"loc":{"start":{"line":82,"column":39},"end":{"line":85,"column":7}}},"8":{"name":"(anonymous_27)","decl":{"start":{"line":86,"column":36},"end":{"line":86,"column":37}},"loc":{"start":{"line":86,"column":42},"end":{"line":89,"column":7}}},"9":{"name":"(anonymous_28)","decl":{"start":{"line":95,"column":32},"end":{"line":95,"column":33}},"loc":{"start":{"line":95,"column":49},"end":{"line":95,"column":90}}},"10":{"name":"(anonymous_29)","decl":{"start":{"line":96,"column":26},"end":{"line":96,"column":27}},"loc":{"start":{"line":96,"column":43},"end":{"line":96,"column":69}}}},"branchMap":{},"s":{"0":1,"1":1,"2":1,"3":1,"4":1,"5":1,"6":1,"7":0,"8":0,"9":0,"10":0,"11":0,"12":0,"13":0,"14":1,"15":0,"16":0,"17":0,"18":0,"19":0,"20":0,"21":0,"22":1,"23":0,"24":0,"25":0,"26":0,"27":0,"28":0,"29":0,"30":0,"31":1,"32":1,"33":0,"34":0,"35":0,"36":0,"37":0,"38":0,"39":0,"40":0,"41":0,"42":0,"43":1,"44":1,"45":0,"46":1,"47":1,"48":0,"49":1,"50":1},"f":{"0":0,"1":0,"2":0,"3":1,"4":0,"5":0,"6":0,"7":0,"8":0,"9":0,"10":0},"b":{}}
,"F:\\Projects\\JScript\\React\\React_Academy\\887489-what-to-watch-6\\src\\tests\\utils.tsx": {"path":"F:\\Projects\\JScript\\React\\React_Academy\\887489-what-to-watch-6\\src\\tests\\utils.tsx","statementMap":{"0":{"start":{"line":1,"column":0},"end":{"line":1,"column":46}},"1":{"start":{"line":2,"column":0},"end":{"line":2,"column":61}},"2":{"start":{"line":3,"column":0},"end":{"line":3,"column":37}},"3":{"start":{"line":4,"column":0},"end":{"line":4,"column":40}},"4":{"start":{"line":5,"column":0},"end":{"line":5,"column":50}},"5":{"start":{"line":6,"column":0},"end":{"line":6,"column":44}},"6":{"start":{"line":9,"column":13},"end":{"line":9,"column":49}},"7":{"start":{"line":10,"column":18},"end":{"line":10,"column":38}},"8":{"start":{"line":11,"column":21},"end":{"line":11,"column":23}},"9":{"start":{"line":12,"column":14},"end":{"line":12,"column":37}},"10":{"start":{"line":14,"column":28},"end":{"line":22,"column":1}},"11":{"start":{"line":14,"column":38},"end":{"line":14,"column":39}},"12":{"start":{"line":15,"column":2},"end":{"line":21,"column":4}},"13":{"start":{"line":24,"column":21},"end":{"line":27,"column":11}},"14":{"start":{"line":27,"column":5},"end":{"line":27,"column":56}},"15":{"start":{"line":30,"column":24},"end":{"line":30,"column":30}},"16":{"start":{"line":29,"column":0},"end":{"line":29,"column":39}}},"fnMap":{"0":{"name":"(anonymous_7)","decl":{"start":{"line":14,"column":28},"end":{"line":14,"column":29}},"loc":{"start":{"line":14,"column":39},"end":{"line":22,"column":1}}},"1":{"name":"(anonymous_8)","decl":{"start":{"line":24,"column":21},"end":{"line":24,"column":null}},"loc":{"start":{"line":26,"column":44},"end":{"line":27,"column":11}}}},"branchMap":{},"s":{"0":1,"1":1,"2":1,"3":1,"4":1,"5":1,"6":1,"7":1,"8":1,"9":1,"10":1,"11":1,"12":1,"13":1,"14":1,"15":1,"16":1},"f":{"0":1,"1":1},"b":{}}
}
