TN:
SF:src\browser-history.ts
FNF:0
FNH:0
DA:1,1
DA:3,1
DA:5,1
LF:3
LH:3
BRF:0
BRH:0
end_of_record
TN:
SF:src\constants.ts
FNF:0
FNH:0
DA:2,1
DA:12,1
DA:22,1
DA:23,1
DA:24,1
DA:25,1
DA:29,1
DA:38,1
DA:45,1
DA:51,1
LF:10
LH:10
BRF:0
BRH:0
end_of_record
TN:
SF:src\utils.ts
FN:8,f
FN:10,(anonymous_1)
FN:14,(anonymous_2)
FN:19,(anonymous_3)
FN:26,(anonymous_4)
FN:29,(anonymous_5)
FN:41,(anonymous_6)
FN:45,(anonymous_7)
FN:64,(anonymous_8)
FN:69,(anonymous_9)
FN:74,(anonymous_10)
FN:79,wrapper
FN:89,(anonymous_12)
FNF:13
FNH:1
FNDA:0,f
FNDA:0,(anonymous_1)
FNDA:0,(anonymous_2)
FNDA:0,(anonymous_3)
FNDA:0,(anonymous_4)
FNDA:0,(anonymous_5)
FNDA:1,(anonymous_6)
FNDA:0,(anonymous_7)
FNDA:0,(anonymous_8)
FNDA:0,(anonymous_9)
FNDA:0,(anonymous_10)
FNDA:0,wrapper
FNDA:0,(anonymous_12)
DA:8,1
DA:10,0
DA:11,0
DA:14,0
DA:15,0
DA:16,0
DA:18,0
DA:19,0
DA:25,0
DA:26,0
DA:27,0
DA:28,0
DA:29,0
DA:30,0
DA:31,0
DA:33,0
DA:36,0
DA:38,0
DA:41,1
DA:42,1
DA:45,1
DA:46,0
DA:47,0
DA:49,0
DA:50,0
DA:52,0
DA:53,0
DA:55,0
DA:56,0
DA:58,0
DA:59,0
DA:61,0
DA:64,1
DA:65,0
DA:66,0
DA:69,1
DA:70,0
DA:71,0
DA:74,1
DA:76,0
DA:79,0
DA:81,0
DA:82,0
DA:83,0
DA:86,0
DA:87,0
DA:89,0
DA:90,0
DA:91,0
DA:92,0
DA:93,0
DA:98,0
LF:52
LH:7
BRDA:15,0,0,0
BRDA:19,1,0,0
BRDA:19,1,1,0
BRDA:25,2,0,0
BRDA:25,2,1,0
BRDA:27,3,0,0
BRDA:30,4,0,0
BRDA:30,4,1,0
BRDA:46,5,0,0
BRDA:46,6,0,0
BRDA:46,6,1,0
BRDA:49,7,0,0
BRDA:49,8,0,0
BRDA:49,8,1,0
BRDA:52,9,0,0
BRDA:52,10,0,0
BRDA:52,10,1,0
BRDA:55,11,0,0
BRDA:55,12,0,0
BRDA:55,12,1,0
BRDA:58,13,0,0
BRDA:65,14,0,0
BRDA:65,14,1,0
BRDA:66,15,0,0
BRDA:66,15,1,0
BRDA:71,16,0,0
BRDA:71,16,1,0
BRDA:81,17,0,0
BRDA:91,18,0,0
BRF:29
BRH:0
end_of_record
TN:
SF:src\api\api.ts
FN:17,(anonymous_7)
FN:18,Api
FN:22,(anonymous_9)
FN:25,(anonymous_10)
FN:28,(anonymous_11)
FN:33,(anonymous_12)
FN:34,(anonymous_14)
FN:37,(anonymous_15)
FN:41,(anonymous_16)
FN:42,(anonymous_18)
FN:45,(anonymous_19)
FN:49,(anonymous_20)
FN:50,(anonymous_22)
FN:55,(anonymous_23)
FN:56,(anonymous_25)
FN:59,(anonymous_26)
FNF:16
FNH:6
FNDA:1,(anonymous_7)
FNDA:4,Api
FNDA:0,(anonymous_9)
FNDA:0,(anonymous_10)
FNDA:0,(anonymous_11)
FNDA:2,(anonymous_12)
FNDA:0,(anonymous_14)
FNDA:0,(anonymous_15)
FNDA:2,(anonymous_16)
FNDA:0,(anonymous_18)
FNDA:0,(anonymous_19)
FNDA:2,(anonymous_20)
FNDA:0,(anonymous_22)
FNDA:2,(anonymous_23)
FNDA:0,(anonymous_25)
FNDA:0,(anonymous_26)
DA:5,1
DA:7,1
DA:17,1
DA:19,4
DA:22,1
DA:23,0
DA:25,1
DA:26,0
DA:28,1
DA:29,0
DA:31,1
DA:33,1
DA:34,1
DA:35,0
DA:37,1
DA:38,0
DA:40,1
DA:41,1
DA:42,1
DA:43,0
DA:45,1
DA:46,0
DA:48,1
DA:49,1
DA:50,1
DA:51,0
DA:52,0
DA:54,1
DA:55,1
DA:56,1
DA:57,0
DA:59,1
DA:60,0
DA:62,1
DA:69,1
DA:70,1
DA:71,1
DA:72,1
LF:38
LH:27
BRDA:51,0,0,0
BRDA:51,0,1,0
BRF:2
BRH:0
end_of_record
TN:
SF:src\api\http-client.ts
FN:13,(anonymous_1)
FNF:1
FNH:0
FNDA:0,(anonymous_1)
DA:1,1
DA:2,1
DA:4,1
DA:5,1
DA:7,1
DA:13,1
DA:14,0
DA:15,0
DA:18,1
DA:20,1
LF:10
LH:8
BRF:0
BRH:0
end_of_record
TN:
SF:src\components\common\icon\icon.tsx
FN:14,(anonymous_1)
FNF:1
FNH:1
FNDA:2,(anonymous_1)
DA:1,1
DA:3,1
DA:14,2
DA:15,2
DA:22,1
LF:5
LH:5
BRF:0
BRH:0
end_of_record
TN:
SF:src\components\common\movie-buttons\movie-buttons.tsx
FN:18,(anonymous_9)
FN:23,(anonymous_10)
FN:34,(anonymous_11)
FNF:3
FNH:2
FNDA:1,(anonymous_9)
FNDA:0,(anonymous_10)
FNDA:1,(anonymous_11)
DA:1,1
DA:2,1
DA:3,1
DA:4,1
DA:5,1
DA:6,1
DA:7,1
DA:8,1
DA:9,1
DA:18,1
DA:20,1
DA:21,1
DA:23,1
DA:24,0
DA:25,0
DA:27,0
DA:28,0
DA:30,0
DA:34,1
DA:35,1
DA:36,1
DA:38,1
DA:40,1
DA:60,1
LF:24
LH:19
BRDA:24,0,0,0
BRDA:27,1,0,0
BRDA:27,1,1,0
BRDA:38,2,0,1
BRDA:38,2,1,0
BRDA:54,3,0,1
BRDA:54,3,1,0
BRF:7
BRH:2
end_of_record
TN:
SF:src\store\extra-actions.ts
FNF:0
FNH:0
DA:1,1
DA:4,1
DA:20,1
DA:22,1
DA:24,1
LF:5
LH:5
BRF:0
BRH:0
end_of_record
TN:
SF:src\store\store.ts
FN:23,(anonymous_1)
FNF:1
FNH:1
FNDA:1,(anonymous_1)
DA:1,1
DA:2,1
DA:3,1
DA:4,1
DA:5,1
DA:6,1
DA:7,1
DA:9,1
DA:23,1
DA:24,1
DA:26,1
LF:11
LH:11
BRF:0
BRH:0
end_of_record
TN:
SF:src\store\thunk-result-handlers.ts
FN:7,(anonymous_1)
FN:17,(anonymous_2)
FN:29,(anonymous_3)
FNF:3
FNH:0
FNDA:0,(anonymous_1)
FNDA:0,(anonymous_2)
FNDA:0,(anonymous_3)
DA:2,1
DA:3,1
DA:5,1
DA:7,1
DA:8,0
DA:11,1
DA:17,1
DA:19,0
DA:21,0
DA:22,0
DA:24,0
DA:25,0
DA:27,0
DA:28,0
DA:29,0
LF:15
LH:6
BRDA:21,0,0,0
BRDA:21,1,0,0
BRDA:21,1,1,0
BRDA:24,2,0,0
BRDA:24,3,0,0
BRDA:24,3,1,0
BRDA:27,4,0,0
BRDA:27,5,0,0
BRDA:27,5,1,0
BRDA:27,5,2,0
BRDA:27,5,3,0
BRF:11
BRH:0
end_of_record
TN:
SF:src\store\slices\fav-films-slice.ts
FN:27,(anonymous_13)
FN:41,(anonymous_16)
FN:58,(anonymous_19)
FN:60,(anonymous_20)
FN:62,(anonymous_21)
FN:64,(anonymous_22)
FN:66,(anonymous_23)
FN:71,(anonymous_24)
FN:80,(anonymous_25)
FN:81,(anonymous_26)
FN:82,(anonymous_27)
FNF:11
FNH:1
FNDA:0,(anonymous_13)
FNDA:0,(anonymous_16)
FNDA:1,(anonymous_19)
FNDA:0,(anonymous_20)
FNDA:0,(anonymous_21)
FNDA:0,(anonymous_22)
FNDA:0,(anonymous_23)
FNDA:0,(anonymous_24)
FNDA:0,(anonymous_25)
FNDA:0,(anonymous_26)
FNDA:0,(anonymous_27)
DA:1,1
DA:6,1
DA:7,1
DA:8,1
DA:10,1
DA:20,1
DA:26,1
DA:27,0
DA:29,0
DA:30,0
DA:31,0
DA:32,0
DA:35,0
DA:36,0
DA:40,1
DA:41,0
DA:43,0
DA:44,0
DA:45,0
DA:46,0
DA:49,0
DA:50,0
DA:54,1
DA:59,1
DA:61,0
DA:62,0
DA:65,0
DA:66,0
DA:67,0
DA:68,0
DA:72,0
DA:73,0
DA:78,1
DA:80,1
DA:81,1
DA:82,1
DA:84,1
LF:37
LH:15
BRDA:65,0,0,0
BRDA:65,0,1,0
BRDA:67,1,0,0
BRF:3
BRH:0
end_of_record
TN:
SF:src\store\slices\film-info-slice.ts
FN:27,(anonymous_14)
FN:39,(anonymous_17)
FN:58,(anonymous_20)
FN:62,(anonymous_21)
FN:64,(anonymous_22)
FN:67,(anonymous_23)
FN:76,(anonymous_24)
FN:77,(anonymous_25)
FNF:8
FNH:1
FNDA:0,(anonymous_14)
FNDA:0,(anonymous_17)
FNDA:0,(anonymous_20)
FNDA:1,(anonymous_21)
FNDA:0,(anonymous_22)
FNDA:0,(anonymous_23)
FNDA:0,(anonymous_24)
FNDA:0,(anonymous_25)
DA:1,1
DA:6,1
DA:8,1
DA:10,1
DA:11,1
DA:12,1
DA:13,1
DA:21,1
DA:26,1
DA:27,0
DA:29,0
DA:30,0
DA:31,0
DA:34,0
DA:35,0
DA:38,1
DA:39,0
DA:41,0
DA:42,0
DA:43,0
DA:45,0
DA:46,0
DA:49,0
DA:50,0
DA:54,1
DA:59,0
DA:63,1
DA:65,0
DA:68,0
DA:69,0
DA:74,1
DA:76,1
DA:77,1
DA:80,1
LF:34
LH:16
BRDA:42,0,0,0
BRF:1
BRH:0
end_of_record
TN:
SF:src\store\slices\films-slice.ts
FN:39,(anonymous_13)
FN:52,(anonymous_16)
FN:65,(anonymous_19)
FN:81,(anonymous_22)
FN:84,(anonymous_23)
FN:88,(anonymous_24)
FN:90,(anonymous_25)
FN:94,(anonymous_26)
FN:109,(anonymous_27)
FN:111,(anonymous_28)
FN:112,(anonymous_29)
FN:113,(anonymous_30)
FN:114,(anonymous_31)
FN:115,(anonymous_32)
FN:119,(anonymous_33)
FN:119,(anonymous_34)
FN:123,(anonymous_35)
FN:124,(anonymous_36)
FN:126,(anonymous_37)
FN:127,(anonymous_38)
FN:127,(anonymous_39)
FN:133,(anonymous_40)
FN:137,(anonymous_41)
FN:138,(anonymous_42)
FNF:24
FNH:1
FNDA:0,(anonymous_13)
FNDA:0,(anonymous_16)
FNDA:0,(anonymous_19)
FNDA:0,(anonymous_22)
FNDA:0,(anonymous_23)
FNDA:1,(anonymous_24)
FNDA:0,(anonymous_25)
FNDA:0,(anonymous_26)
FNDA:0,(anonymous_27)
FNDA:0,(anonymous_28)
FNDA:0,(anonymous_29)
FNDA:0,(anonymous_30)
FNDA:0,(anonymous_31)
FNDA:0,(anonymous_32)
FNDA:0,(anonymous_33)
FNDA:0,(anonymous_34)
FNDA:0,(anonymous_35)
FNDA:0,(anonymous_36)
FNDA:0,(anonymous_37)
FNDA:0,(anonymous_38)
FNDA:0,(anonymous_39)
FNDA:0,(anonymous_40)
FNDA:0,(anonymous_41)
FNDA:0,(anonymous_42)
DA:1,1
DA:10,1
DA:12,1
DA:14,1
DA:15,1
DA:16,1
DA:28,1
DA:30,1
DA:38,1
DA:39,0
DA:41,0
DA:42,0
DA:43,0
DA:46,0
DA:47,0
DA:51,1
DA:52,0
DA:54,0
DA:55,0
DA:56,0
DA:59,0
DA:60,0
DA:64,1
DA:65,0
DA:67,0
DA:68,0
DA:69,0
DA:72,0
DA:73,0
DA:77,1
DA:82,0
DA:85,0
DA:89,1
DA:91,0
DA:92,0
DA:95,0
DA:96,0
DA:103,1
DA:106,1
DA:109,0
DA:111,1
DA:112,1
DA:113,1
DA:114,1
DA:115,1
DA:117,1
DA:119,0
DA:122,1
DA:123,0
DA:125,0
DA:126,0
DA:127,0
DA:131,1
DA:134,0
DA:135,0
DA:137,0
DA:138,0
DA:141,0
DA:145,1
LF:59
LH:24
BRDA:125,0,0,0
BRDA:125,0,1,0
BRDA:134,1,0,0
BRDA:137,2,0,0
BRDA:137,2,1,0
BRF:5
BRH:0
end_of_record
TN:
SF:src\store\slices\server-slice.ts
FN:18,(anonymous_0)
FN:20,(anonymous_1)
FN:28,(anonymous_2)
FNF:3
FNH:1
FNDA:1,(anonymous_0)
FNDA:0,(anonymous_1)
FNDA:0,(anonymous_2)
DA:1,1
DA:2,1
DA:10,1
DA:14,1
DA:19,1
DA:21,0
DA:26,1
DA:28,1
DA:30,1
LF:9
LH:8
BRF:0
BRH:0
end_of_record
TN:
SF:src\store\slices\user-slice.ts
FN:24,(anonymous_13)
FN:37,(anonymous_16)
FN:50,(anonymous_19)
FN:68,(anonymous_22)
FN:70,(anonymous_23)
FN:74,(anonymous_24)
FN:78,(anonymous_25)
FN:82,(anonymous_26)
FN:86,(anonymous_27)
FN:95,(anonymous_28)
FN:96,(anonymous_29)
FNF:11
FNH:1
FNDA:0,(anonymous_13)
FNDA:0,(anonymous_16)
FNDA:0,(anonymous_19)
FNDA:1,(anonymous_22)
FNDA:0,(anonymous_23)
FNDA:0,(anonymous_24)
FNDA:0,(anonymous_25)
FNDA:0,(anonymous_26)
FNDA:0,(anonymous_27)
FNDA:0,(anonymous_28)
FNDA:0,(anonymous_29)
DA:1,1
DA:5,1
DA:6,1
DA:8,1
DA:10,1
DA:17,1
DA:22,1
DA:24,0
DA:26,0
DA:27,0
DA:28,0
DA:31,0
DA:32,0
DA:36,1
DA:37,0
DA:39,0
DA:40,0
DA:41,0
DA:44,0
DA:45,0
DA:49,1
DA:50,0
DA:52,0
DA:53,0
DA:54,0
DA:55,0
DA:58,0
DA:59,0
DA:64,1
DA:69,1
DA:71,0
DA:72,0
DA:75,0
DA:76,0
DA:79,0
DA:80,0
DA:83,0
DA:84,0
DA:87,0
DA:88,0
DA:93,1
DA:95,1
DA:96,1
DA:98,1
LF:44
LH:15
BRF:0
BRH:0
end_of_record
TN:
SF:src\tests\utils.tsx
FN:14,(anonymous_7)
FN:24,(anonymous_8)
FNF:2
FNH:2
FNDA:1,(anonymous_7)
FNDA:1,(anonymous_8)
DA:1,1
DA:2,1
DA:3,1
DA:4,1
DA:5,1
DA:6,1
DA:9,1
DA:10,1
DA:11,1
DA:12,1
DA:14,1
DA:15,1
DA:24,1
DA:27,1
DA:29,1
DA:30,1
LF:16
LH:16
BRF:0
BRH:0
end_of_record
